2025-01-07 09:54:33 [info]: [Validate.js] Insert data is valid [Function: ValidateInsertdata]
2025-01-07 09:55:48 [info]: [Validate.js] Update data is valid [Function: validateUpdate]
2025-01-07 09:56:03 [info]: [Validate.js] ID is valid [Function: ValidateId]
2025-01-07 10:01:25 [error]: [Validate.js] Validation failed in ValidateInsertdata - "bidName" with value "House12" fails to match the required pattern: /^[a-zA-Z\s]+$/ [Function: ValidateInsertdata]
2025-01-07 10:20:32 [info]: [Validate.js] Insert data is valid [Function: ValidateInsertdata]
2025-01-07 10:20:42 [info]: [Validate.js] Insert data is valid [Function: ValidateInsertdata]
2025-01-07 10:21:17 [info]: [Validate.js] Insert data is valid [Function: ValidateInsertdata]
2025-01-07 10:21:58 [info]: [Validate.js] Update data is valid [Function: validateUpdate]
2025-01-07 10:22:05 [info]: [Validate.js] ID is valid [Function: ValidateId]
2025-01-07 10:22:42 [info]: [Validate.js] ID is valid [Function: ValidateId]
2025-01-07 10:22:51 [info]: [Validate.js] Insert data is valid [Function: ValidateInsertdata]
2025-01-07 10:24:03 [info]: [Validate.js] Insert data is valid [Function: ValidateInsertdata]
2025-01-07 10:24:18 [info]: [Validate.js] Insert data is valid [Function: ValidateInsertdata]
2025-01-07 10:25:32 [info]: [Validate.js] Insert data is valid [Function: ValidateInsertdata]
2025-01-07 10:26:02 [info]: [Validate.js] Update data is valid [Function: validateUpdate]
2025-01-07 10:26:13 [info]: [Validate.js] ID is valid [Function: ValidateId]
2025-01-07 10:26:59 [info]: [Validate.js] Update data is valid [Function: validateUpdate]
2025-01-07 10:28:55 [info]: [Validate.js] Update data is valid [Function: validateUpdate]
2025-01-07 10:30:30 [info]: [Validate.js] Update data is valid [Function: validateUpdate]
2025-01-07 10:31:22 [info]: [Validate.js] Update data is valid [Function: validateUpdate]
2025-01-07 10:32:37 [info]: [Validate.js] Update data is valid [Function: validateUpdate]
2025-01-07 10:33:41 [info]: [Validate.js] Update data is valid [Function: validateUpdate]
2025-01-07 10:34:43 [info]: [Validate.js] Update data is valid [Function: validateUpdate]
2025-01-07 10:35:33 [info]: [Validate.js] Update data is valid [Function: validateUpdate]
2025-01-07 10:38:05 [info]: [Validate.js] Update data is valid [Function: validateUpdate]
2025-01-07 10:39:48 [info]: [Validate.js] Update data is valid [Function: validateUpdate]
2025-01-07 11:10:44 [error]: [Validate.js] Validation failed in ValidateInsertdata - "bidName" with value "abc1" fails to match the required pattern: /^[a-zA-Z\s]+$/ [Function: ValidateInsertdata]
2025-01-07 11:11:19 [error]: [Validate.js] Validation failed in ValidateInsertdata - "bidName" with value "abc1" fails to match the required pattern: /^[a-zA-Z\s]+$/ [Function: ValidateInsertdata]
2025-01-07 11:11:44 [error]: [Validate.js] Validation failed in ValidateInsertdata - "bidName" with value "abc1" fails to match the required pattern: /^[a-zA-Z\s]+$/ [Function: ValidateInsertdata]
2025-01-07 11:12:24 [info]: [Validate.js] Update data is valid [Function: validateUpdate]
2025-01-07 11:25:33 [error]: [Validate.js] Validation failed in ValidateInsertdata - "bidName" with value "abc1" fails to match the required pattern: /^[a-zA-Z\s]+$/ [Function: ValidateInsertdata]
2025-01-07 11:27:49 [error]: [Validate.js] Validation failed in ValidateInsertdata - "bidName" with value "abc1" fails to match the required pattern: /^[a-zA-Z\s]+$/ [Function: ValidateInsertdata]
2025-01-07 11:28:03 [error]: [Validate.js] Validation failed in ValidateInsertdata - "bidName" with value "abc1" fails to match the required pattern: /^[a-zA-Z\s]+$/ [Function: ValidateInsertdata]
2025-01-07 11:28:08 [info]: [Validate.js] Insert data is valid [Function: ValidateInsertdata]
2025-01-07 11:28:49 [info]: [Validate.js] Insert data is valid [Function: ValidateInsertdata]
2025-01-07 11:29:04 [error]: [Validate.js] Validation failed in ValidateInsertdata - "description" length must be less than or equal to 500 characters long [Function: ValidateInsertdata]
2025-01-07 11:48:15 [error]: [Validate.js] Validation failed in ValidateInsertdata - "description" length must be less than or equal to 500 characters long [Function: ValidateInsertdata]
2025-01-07 11:48:22 [info]: [Validate.js] Insert data is valid [Function: ValidateInsertdata]
2025-01-07 11:49:57 [info]: [Validate.js] Insert data is valid [Function: ValidateInsertdata]
2025-01-07 11:50:26 [info]: [Validate.js] ID is valid [Function: ValidateId]
2025-01-07 11:50:53 [info]: [Validate.js] Update data is valid [Function: validateUpdate]
2025-01-07 11:52:03 [info]: [Validate.js] Insert data is valid [Function: ValidateInsertdata]
2025-01-07 11:52:28 [info]: [Validate.js] Insert data is valid [Function: ValidateInsertdata]
2025-01-07 11:53:08 [error]: [Validate.js] Validation failed in ValidateInsertdata - "closingDate" must be a valid date [Function: ValidateInsertdata]
2025-01-07 11:53:16 [info]: [Validate.js] Insert data is valid [Function: ValidateInsertdata]
2025-01-07 11:54:53 [info]: [Validate.js] Insert data is valid [Function: ValidateInsertdata]
2025-01-07 11:55:44 [error]: [Validate.js] Validation failed in validateUpdate - "closingDate" must be greater than "now" [Function: validateUpdate]
2025-01-07 11:56:21 [info]: [Validate.js] Insert data is valid [Function: ValidateInsertdata]
2025-01-07 11:56:36 [info]: [Validate.js] Insert data is valid [Function: ValidateInsertdata]
2025-01-07 11:56:58 [info]: [Validate.js] Update data is valid [Function: validateUpdate]
2025-01-07 12:06:15 [info]: [Validate.js] Insert data is valid [Function: ValidateInsertdata]
2025-01-07 12:18:19 [info]: [Validate.js] Insert data is valid [Function: ValidateInsertdata]
2025-01-07 12:21:21 [info]: [Validate.js] Insert data is valid [Function: ValidateInsertdata]
2025-01-07 12:30:52 [info]: [Validate.js] Insert data is valid [Function: ValidateInsertdata]
2025-01-07 12:43:31 [info]: [Validate.js] Insert data is valid [Function: ValidateInsertdata]
2025-01-07 12:43:51 [info]: [Validate.js] Update data is valid [Function: validateUpdate]
2025-01-09 15:29:02 [error]: [validateUser.js] Validation failed - Email must be a valid email address. [Function: validateUser]
2025-01-09 15:29:12 [info]: [validateUser.js] User data is valid [Function: validateUser]
2025-01-09 15:29:30 [error]: [validateUser.js] ID validation failed - ID is required. [Function: validateId]
2025-01-09 15:31:01 [error]: [validateBidTransaction.js] Validation failed - User ID is required., Product ID is required., Winning bid is required., "productName" is not allowed, "description" is not allowed, "startingPrice" is not allowed, "currentBid" is not allowed [Function: validateBidTransaction]
2025-01-09 15:31:13 [error]: [validateBidTransaction.js] Validation failed - User ID is required., Product ID is required., Winning bid is required., "productName" is not allowed, "description" is not allowed, "startingPrice" is not allowed, "currentBid" is not allowed [Function: validateBidTransaction]
2025-01-09 15:36:21 [info]: [validateProduct.js] Product data is valid [Function: validateProduct]
2025-01-09 15:38:11 [info]: [validateBid.js] Bid data is valid [Function: validateBid]
2025-01-09 15:38:53 [error]: [validateBidTransaction.js] Validation failed - "transactionStatus" is not allowed [Function: validateBidTransaction]
2025-01-09 15:38:58 [error]: [validateBidTransaction.js] Validation failed - "transactionStatus" is not allowed [Function: validateBidTransaction]
2025-01-09 15:40:36 [info]: [validateBidTransaction.js] Bid transaction data is valid [Function: validateBidTransaction]
2025-01-09 15:40:42 [error]: [validateBidTransaction.js] Validation failed - Product ID must be a valid MongoDB ObjectId. [Function: validateBidTransaction]
2025-01-09 16:08:11 [error]: [validateBidTransaction.js] Validation failed - User ID must be a valid MongoDB ObjectId., Product ID must be a valid MongoDB ObjectId. [Function: validateBidTransaction]
2025-01-09 16:08:58 [error]: [validateUser.js] Validation failed - "id" is not allowed [Function: validateUser]
2025-01-09 16:09:30 [error]: [validateUser.js] Validation failed - "id" is not allowed [Function: validateUser]
2025-01-09 16:10:33 [error]: [validateUser.js] Validation failed - "id" is not allowed [Function: validateUser]
2025-01-09 16:10:42 [info]: [validateUser.js] User data is valid [Function: validateUser]
2025-01-09 16:11:07 [info]: [validateUser.js] User data is valid [Function: validateUser]
2025-01-09 16:12:26 [error]: [validateProduct.js] Validation failed - "_id" is not allowed [Function: validateProduct]
2025-01-09 16:12:47 [info]: [validateProduct.js] Product data is valid [Function: validateProduct]
2025-01-09 16:13:14 [error]: [validateBid.js] Validation failed - "_id" is required, User ID must be a valid MongoDB ObjectId., Product ID must be a valid MongoDB ObjectId. [Function: validateBid]
2025-01-09 16:13:50 [error]: [validateBid.js] Validation failed - User ID must be a valid MongoDB ObjectId., Product ID must be a valid MongoDB ObjectId. [Function: validateBid]
2025-01-09 16:14:50 [error]: [validateBid.js] Validation failed - User ID must be a valid MongoDB ObjectId., Product ID must be a valid MongoDB ObjectId. [Function: validateBid]
2025-01-09 16:15:41 [info]: [validateBid.js] Bid data is valid [Function: validateBid]
2025-01-09 16:17:27 [info]: [validateBid.js] Bid data is valid [Function: validateBid]
2025-01-09 16:17:37 [info]: [validateBid.js] Bid data is valid [Function: validateBid]
2025-01-09 16:18:26 [info]: [validateBidTransaction.js] Bid transaction data is valid [Function: validateBidTransaction]
2025-01-09 16:18:56 [info]: [validateBidTransaction.js] Bid transaction data is valid [Function: validateBidTransaction]
2025-01-09 16:43:10 [info]: [validateBid.js] Bid data is valid [Function: validateBid]
2025-01-09 16:44:28 [info]: [validateBid.js] Bid data is valid [Function: validateBid]
2025-01-09 16:59:20 [info]: [validateUser.js] User data is valid [Function: validateUser]
2025-01-09 16:59:26 [info]: [validateUser.js] User data is valid [Function: validateUser]
2025-01-09 16:59:46 [info]: [validateProduct.js] Product data is valid [Function: validateProduct]
2025-01-09 16:59:55 [info]: [validateBidTransaction.js] Bid transaction data is valid [Function: validateBidTransaction]
2025-01-09 17:00:00 [info]: [validateBidTransaction.js] Bid transaction data is valid [Function: validateBidTransaction]
2025-01-09 17:00:15 [info]: [validateBid.js] Bid data is valid [Function: validateBid]
2025-01-10 11:21:02 [info]: [validateProduct.js] Product data is valid [Function: validateProduct]
2025-01-10 11:21:08 [info]: [validateProduct.js] Product data is valid [Function: validateProduct]
2025-01-10 11:24:20 [info]: [validateBidTransaction.js] Bid transaction data is valid [Function: validateBidTransaction]
2025-01-10 11:24:26 [info]: [validateBidTransaction.js] Bid transaction data is valid [Function: validateBidTransaction]
2025-01-10 11:54:54 [info]: [validateUser.js] User data is valid [Function: validateUser]
2025-01-10 11:55:36 [info]: [validateProduct.js] Product data is valid [Function: validateProduct]
2025-01-10 11:56:13 [info]: [validateBid.js] Bid data is valid [Function: validateBid]
2025-01-10 11:56:25 [info]: [validateBid.js] Bid data is valid [Function: validateBid]
2025-01-10 11:56:32 [info]: [validateBid.js] Bid data is valid [Function: validateBid]
2025-01-10 11:58:39 [error]: [validateBid.js] Validation failed - Current bid must be greater than the starting price. [Function: validateBid]
2025-01-10 12:00:00 [info]: [validateBidTransaction.js] Bid transaction data is valid [Function: validateBidTransaction]
2025-01-10 12:01:26 [info]: [validateUser.js] User data is valid [Function: validateUser]
2025-01-10 12:28:19 [info]: [validateBid.js] Bid data is valid [Function: validateBid]
2025-01-10 12:28:37 [info]: [validateBidTransaction.js] Bid transaction data is valid [Function: validateBidTransaction]
2025-01-10 12:32:13 [info]: [validateBidTransaction.js] Bid transaction data is valid [Function: validateBidTransaction]
2025-01-10 12:35:40 [info]: [validateBidTransaction.js] Bid transaction data is valid [Function: validateBidTransaction]
2025-01-10 12:43:35 [info]: [validateBidTransaction.js] Bid transaction data is valid [Function: validateBidTransaction]
2025-01-10 12:47:33 [info]: [validateBidTransaction.js] Bid transaction data is valid [Function: validateBidTransaction]
2025-01-10 12:49:30 [info]: [validateBidTransaction.js] Bid transaction data is valid [Function: validateBidTransaction]
2025-01-10 12:50:56 [info]: [validateProduct.js] Product data is valid [Function: validateProduct]
2025-01-10 12:51:11 [info]: [validateBidTransaction.js] Bid transaction data is valid [Function: validateBidTransaction]
2025-01-10 12:59:33 [info]: [validateBidTransaction.js] Bid transaction data is valid [Function: validateBidTransaction]
2025-01-10 13:01:06 [info]: [validateBid.js] Bid data is valid [Function: validateBid]
2025-01-10 13:01:31 [info]: [validateBid.js] Bid data is valid [Function: validateBid]
2025-01-10 13:01:53 [info]: [validateBidTransaction.js] Bid transaction data is valid [Function: validateBidTransaction]
2025-01-10 15:39:54 [info]: [validateUser.js] User data is valid [Function: validateUser]
2025-01-10 15:40:04 [info]: [validateUser.js] User data is valid [Function: validateUser]
2025-01-10 15:41:03 [info]: [validateProduct.js] Product data is valid [Function: validateProduct]
2025-01-10 15:41:31 [info]: [validateBidTransaction.js] Bid transaction data is valid [Function: validateBidTransaction]
2025-01-10 15:42:08 [error]: [validateBid.js] Validation failed - Current bid must be greater than the starting price. [Function: validateBid]
2025-01-10 15:42:17 [info]: [validateBid.js] Bid data is valid [Function: validateBid]
2025-01-10 15:42:36 [info]: [validateBidTransaction.js] Bid transaction data is valid [Function: validateBidTransaction]
2025-01-10 15:42:45 [info]: [validateBidTransaction.js] Bid transaction data is valid [Function: validateBidTransaction]
2025-01-10 15:43:01 [info]: [validateBidTransaction.js] Bid transaction data is valid [Function: validateBidTransaction]
2025-01-10 16:29:28 [info]: [validateUser.js] User data is valid [Function: validateUser]
2025-01-10 16:29:34 [info]: [validateUser.js] User data is valid [Function: validateUser]
2025-01-12 09:13:21 [error]: [validateUser.js] Validation failed - "_id" must be a string [Function: validateUser]
2025-01-12 09:14:00 [error]: [validateUser.js] Validation failed - Username is required. [Function: validateUser]
2025-01-12 09:14:30 [error]: [validateUser.js] Validation failed - "username" is not allowed to be empty [Function: validateUser]
2025-01-12 09:21:15 [error]: [validateUser.js] Validation failed - "username" is not allowed to be empty,"password" failed custom validation because Cannot read properties of undefined (reading 'prefs') [Function: validateUser]
2025-01-12 09:21:55 [error]: [validateUser.js] Validation failed - "username" is not allowed to be empty,"password" failed custom validation because Cannot read properties of undefined (reading 'prefs') [Function: validateUser]
2025-01-12 09:23:56 [error]: [validateUser.js] Validation failed - "username" is not allowed to be empty [Function: validateUser]
2025-01-12 09:25:33 [error]: [validateUser.js] Validation failed - "username" is not allowed to be empty [Function: validateUser]
2025-01-12 09:28:08 [info]: [validateUser.js] User data is valid [Function: validateUser]
2025-01-12 10:15:32 [info]: [validateUpdateUser.js] User data is valid [Function: validateUpdateUser]
2025-01-12 10:16:19 [info]: [validateUpdateUser.js] User data is valid [Function: validateUpdateUser]
2025-01-12 10:29:04 [info]: [validateProduct.js] Product data is valid [Function: validateProduct]
2025-01-12 10:29:10 [info]: [validateProduct.js] Product data is valid [Function: validateProduct]
2025-01-12 10:29:37 [info]: [validateProductUpdate.js] Product data is valid [Function: validateProductUpdate]
2025-01-13 11:11:40 [info]: [validateUser.js] User data is valid [Function: validateUser]
2025-01-13 11:12:03 [info]: [validateUser.js] ID is valid [Function: validateId]
2025-01-13 11:12:12 [info]: [validateUser.js] ID is valid [Function: validateId]
2025-01-13 11:12:22 [info]: [validateUser.js] ID is valid [Function: validateId]
2025-01-13 11:13:14 [info]: [validateProduct.js] Product data is valid [Function: validateProduct]
2025-01-13 11:13:53 [error]: [validateUser.js] ID validation failed - "id" is required [Function: validateId]
2025-01-13 11:17:41 [info]: [validateUser.js] ID is valid [Function: validateId]
2025-01-13 11:18:29 [info]: [validateUser.js] ID is valid [Function: validateId]
2025-01-13 11:18:51 [info]: [validateUser.js] ID is valid [Function: validateId]
2025-01-13 11:19:38 [info]: [validateUser.js] ID is valid [Function: validateId]
2025-01-13 11:20:14 [info]: [validateUser.js] ID is valid [Function: validateId]
2025-01-13 11:21:04 [info]: [validateUser.js] ID is valid [Function: validateId]
2025-01-13 11:21:41 [error]: [validateBid.js] Validation failed - "currentBid" must be greater than ref:startingPrice [Function: validateBid]
2025-01-13 11:21:47 [info]: [validateBid.js] Bid data is valid [Function: validateBid]
2025-01-13 11:22:26 [error]: [validateBidTransaction.js] Validation failed - "winningBid" limit references "ref:startingPrice" which must be a number [Function: validateBidTransaction]
2025-01-13 11:22:49 [error]: [validateBidTransaction.js] Validation failed - "winningBid" limit references "ref:startingPrice" which must be a number [Function: validateBidTransaction]
2025-01-13 11:22:56 [error]: [validateBidTransaction.js] Validation failed - "winningBid" limit references "ref:startingPrice" which must be a number [Function: validateBidTransaction]
2025-01-13 11:24:10 [info]: [validateBidTransaction.js] Bid transaction data is valid [Function: validateBidTransaction]
2025-01-13 11:24:35 [info]: [validateUser.js] ID is valid [Function: validateId]
2025-01-13 11:24:59 [info]: [validateUser.js] ID is valid [Function: validateId]
2025-01-13 12:53:35 [info]: [validateUser.js] User data is valid [Function: validateUser]
2025-01-13 12:53:50 [info]: [validateBid.js] Bid data is valid [Function: validateBid]
2025-01-13 12:54:01 [info]: [validateBid.js] Bid data is valid [Function: validateBid]
2025-01-13 12:54:50 [info]: [validateBidTransaction.js] Bid transaction data is valid [Function: validateBidTransaction]
2025-01-13 12:55:08 [info]: [validateUser.js] ID is valid [Function: validateId]
2025-01-13 15:21:31 [info]: [validateUser.js] User data is valid [Function: validateUser]
2025-01-13 15:25:50 [info]: [validateUser.js] User data is valid [Function: validateUser]
2025-01-13 15:27:48 [info]: [validateUser.js] User data is valid [Function: validateUser]
2025-01-13 16:22:45 [info]: [validateUser.js] User data is valid [Function: validateUser]
2025-01-13 18:33:13 [info]: [validateUser.js] User data is valid [Function: validateUser]
2025-01-13 22:44:02 [info]: [validateUser.js] User data is valid [Function: validateUser]
2025-01-13 22:44:16 [info]: [validateUser.js] User data is valid [Function: validateUser]
2025-01-13 22:47:09 [info]: [validateUser.js] User data is valid [Function: validateUser]
2025-01-14 10:42:23 [info]: [validateUser.js] ID is valid [Function: validateId]
2025-01-14 10:49:41 [info]: [validateUser.js] ID is valid [Function: validateId]
2025-01-14 10:49:55 [info]: [validateUser.js] ID is valid [Function: validateId]
2025-01-14 12:18:00 [error]: [validateUser.js] Validation failed - "_id" is not allowed to be empty [Function: validateUser]
2025-01-14 12:18:25 [error]: [validateUser.js] Validation failed - "email" is not allowed to be empty [Function: validateUser]
2025-01-14 12:19:06 [error]: [validateUser.js] Validation failed - "_id" is not allowed to be empty,"email" is not allowed to be empty [Function: validateUser]
2025-01-14 12:22:21 [info]: [validateUser.js] User data is valid [Function: validateUser]
2025-01-14 12:23:48 [info]: [validateUser.js] User data is valid [Function: validateUser]
2025-01-14 12:23:55 [info]: [validateUser.js] User data is valid [Function: validateUser]
2025-01-14 12:24:32 [info]: [validateUser.js] User data is valid [Function: validateUser]
2025-01-14 12:25:12 [info]: [validateUser.js] User data is valid [Function: validateUser]
2025-01-14 12:25:21 [info]: [validateUser.js] User data is valid [Function: validateUser]
2025-01-14 12:37:54 [info]: [validateUser.js] User data is valid [Function: validateUser]
2025-01-14 12:38:06 [info]: [validateUser.js] User data is valid [Function: validateUser]
2025-01-14 12:38:19 [info]: [validateUser.js] User data is valid [Function: validateUser]
2025-01-14 12:38:38 [info]: [validateUser.js] User data is valid [Function: validateUser]
2025-01-14 12:39:11 [info]: [validateUser.js] User data is valid [Function: validateUser]
2025-01-14 12:39:28 [info]: [validateUser.js] User data is valid [Function: validateUser]
2025-01-14 12:44:50 [info]: [validateUser.js] User data is valid [Function: validateUser]
2025-01-14 12:48:45 [info]: [validateUser.js] User data is valid [Function: validateUser]
2025-01-14 12:49:38 [info]: [validateUser.js] User data is valid [Function: validateUser]
2025-01-14 12:52:59 [info]: [validateUser.js] User data is valid [Function: validateUser]
2025-01-14 12:55:02 [info]: [validateUser.js] User data is valid [Function: validateUser]
2025-01-14 12:55:26 [info]: [validateUser.js] User data is valid [Function: validateUser]
2025-01-14 12:55:47 [info]: [validateUser.js] User data is valid [Function: validateUser]
2025-01-14 12:57:20 [info]: [validateUser.js] User data is valid [Function: validateUser]
2025-01-14 13:01:07 [info]: [validateUser.js] User data is valid [Function: validateUser]
2025-01-14 16:00:45 [info]: [validateLogin.js] data is valid [Function: validateLogin]
2025-01-14 16:00:50 [info]: [validateUser.js] ID is valid [Function: validateId]
2025-01-14 16:01:44 [info]: [validateLogin.js] data is valid [Function: validateLogin]
2025-01-14 16:01:50 [info]: [validateUser.js] ID is valid [Function: validateId]
2025-01-14 16:02:18 [info]: [validateUser.js] ID is valid [Function: validateId]
2025-01-14 16:02:43 [info]: [validateUser.js] ID is valid [Function: validateId]
2025-01-14 16:30:12 [info]: [validateUser.js] ID is valid [Function: validateId]
2025-01-14 16:35:17 [info]: [validateUser.js] ID is valid [Function: validateId]
2025-01-14 16:37:29 [info]: [validateLogin.js] data is valid [Function: validateLogin]
2025-01-14 16:49:25 [info]: [validateLogin.js] data is valid [Function: validateLogin]
2025-01-14 16:52:05 [info]: [validateLogin.js] data is valid [Function: validateLogin]
2025-01-14 16:58:49 [info]: [validateLogin.js] data is valid [Function: validateLogin]
2025-01-14 17:14:36 [info]: [validateUser.js] ID is valid [Function: validateId]
2025-01-14 17:16:07 [info]: [validateUser.js] ID is valid [Function: validateId]
2025-01-16 11:17:47 [info]: [validateLogin.js] data is valid [Function: validateLogin]
2025-01-16 11:18:03 [info]: [validatePlaceBid.js] data is valid [Function: validatePlaceBid]
2025-01-17 15:53:23 [info]: [validateUser.js] User data is valid [Function: validateUser]
2025-01-17 15:56:45 [info]: [validateLogin.js] data is valid [Function: validateLogin]
2025-01-17 15:56:51 [info]: [validatePlaceBid.js] data is valid [Function: validatePlaceBid]
2025-01-18 13:29:11 [info]: [validateUpdateUser.js] User data is valid [Function: validateUpdateUser]
2025-01-18 13:30:04 [info]: [validateUpdateUser.js] User data is valid [Function: validateUpdateUser]
2025-01-18 13:30:18 [info]: [validateLogin.js] data is valid [Function: validateLogin]
2025-01-18 13:36:12 [info]: [validatePlaceBid.js] data is valid [Function: validatePlaceBid]
2025-01-18 13:50:58 [info]: [validateUser.js] User data is valid [Function: validateUser]
2025-01-18 13:51:21 [info]: [validatePlaceBid.js] data is valid [Function: validatePlaceBid]
2025-01-18 13:58:15 [info]: [validateLogin.js] data is valid [Function: validateLogin]
2025-01-18 13:59:02 [info]: [validateUpdateUser.js] User data is valid [Function: validateUpdateUser]
2025-01-18 13:59:15 [info]: [validateLogin.js] data is valid [Function: validateLogin]
2025-01-18 14:05:10 [info]: [validateUpdateUser.js] User data is valid [Function: validateUpdateUser]
2025-01-18 14:06:04 [info]: [validateLogin.js] data is valid [Function: validateLogin]
2025-01-18 14:06:16 [info]: [validateLogin.js] data is valid [Function: validateLogin]
2025-01-18 14:09:07 [info]: [validateLogin.js] data is valid [Function: validateLogin]
2025-01-18 14:09:15 [info]: [validateLogin.js] data is valid [Function: validateLogin]
2025-01-18 14:11:00 [info]: [validateLogin.js] data is valid [Function: validateLogin]
2025-01-20 10:30:57 [info]: [validateLogin.js] data is valid [Function: validateLogin]
2025-01-22 12:45:47 [info]: [validateUser.js] User data is valid [Function: validateUser]
2025-01-22 12:46:17 [info]: [validateUser.js] User data is valid [Function: validateUser]
2025-01-22 12:47:25 [info]: [validateUser.js] User data is valid [Function: validateUser]
2025-01-22 12:47:53 [info]: [validateLogin.js] data is valid [Function: validateLogin]
2025-01-22 12:48:03 [info]: [validateLogin.js] data is valid [Function: validateLogin]
2025-01-25 22:10:56 [info]: [validateLogin.js] data is valid [Function: validateLogin]
2025-01-25 22:14:51 [info]: [validateLogin.js] data is valid [Function: validateLogin]
2025-01-25 22:35:00 [info]: [validateLogin.js] data is valid [Function: validateLogin]
2025-01-26 15:18:46 [info]: [validateLogin.js] data is valid [Function: validateLogin]
2025-01-26 15:20:36 [info]: [validateLogin.js] data is valid [Function: validateLogin]
2025-01-26 15:21:47 [info]: [validateLogin.js] data is valid [Function: validateLogin]
2025-01-26 15:42:07 [info]: [validateLogin.js] data is valid [Function: validateLogin]
2025-01-26 15:43:40 [info]: [validateConfirmBid.js] data is valid [Function: validateConfirmBid]
2025-01-26 15:45:23 [info]: [validateLogin.js] data is valid [Function: validateLogin]
2025-01-26 16:16:15 [info]: [validateConfirmBid.js] data is valid [Function: validateConfirmBid]
